0 info it worked if it ends with ok
1 verbose cli [ '/usr/local/Cellar/node/6.3.1/bin/node',
1 verbose cli   '/usr/local/bin/npm',
1 verbose cli   'rebuild',
1 verbose cli   'node-sass' ]
2 info using npm@3.10.3
3 info using node@v6.3.1
4 info readInstalled object
5 verbose rebuild path, id [ '/Users/hussain/dev/hackathon-party/node_modules/node-sass',
5 verbose rebuild   'node-sass@3.7.0' ]
6 silly rebuild set [ '/Users/hussain/dev/hackathon-party/node_modules/node-sass' ]
7 info build /Users/hussain/dev/hackathon-party/node_modules/node-sass
8 info lifecycle node-sass@3.7.0~preinstall: node-sass@3.7.0
9 silly lifecycle node-sass@3.7.0~preinstall: no script for preinstall, continuing
10 info linkStuff node-sass@3.7.0
11 silly linkStuff node-sass@3.7.0 has /Users/hussain/dev/hackathon-party/node_modules as its parent node_modules
12 verbose linkBins node-sass@3.7.0
13 verbose link bins [ { 'node-sass': 'bin/node-sass' },
13 verbose link bins   '/Users/hussain/dev/hackathon-party/node_modules/.bin',
13 verbose link bins   false ]
14 verbose linkMans node-sass@3.7.0
15 verbose rebuildBundles node-sass@3.7.0
16 verbose rebuildBundles [ '.bin',
16 verbose rebuildBundles   'gaze',
16 verbose rebuildBundles   'globule',
16 verbose rebuildBundles   'lodash',
16 verbose rebuildBundles   'minimatch',
16 verbose rebuildBundles   'minimist',
16 verbose rebuildBundles   'mkdirp' ]
17 verbose rebuild bundle /Users/hussain/dev/hackathon-party/node_modules/node-sass/node_modules/globule
18 info build /Users/hussain/dev/hackathon-party/node_modules/node-sass/node_modules/globule
19 info lifecycle globule@0.2.0~preinstall: globule@0.2.0
20 silly lifecycle globule@0.2.0~preinstall: no script for preinstall, continuing
21 info linkStuff globule@0.2.0
22 silly linkStuff globule@0.2.0 has /Users/hussain/dev/hackathon-party/node_modules/node-sass/node_modules as its parent node_modules
23 verbose linkBins globule@0.2.0
24 verbose linkMans globule@0.2.0
25 verbose rebuildBundles globule@0.2.0
26 verbose rebuildBundles [ 'glob' ]
27 info lifecycle globule@0.2.0~install: globule@0.2.0
28 silly lifecycle globule@0.2.0~install: no script for install, continuing
29 info lifecycle globule@0.2.0~postinstall: globule@0.2.0
30 silly lifecycle globule@0.2.0~postinstall: no script for postinstall, continuing
31 verbose rebuild bundle /Users/hussain/dev/hackathon-party/node_modules/node-sass/node_modules/lodash
32 info build /Users/hussain/dev/hackathon-party/node_modules/node-sass/node_modules/lodash
33 info lifecycle lodash@2.4.2~preinstall: lodash@2.4.2
34 silly lifecycle lodash@2.4.2~preinstall: no script for preinstall, continuing
35 info linkStuff lodash@2.4.2
36 silly linkStuff lodash@2.4.2 has /Users/hussain/dev/hackathon-party/node_modules/node-sass/node_modules as its parent node_modules
37 verbose linkBins lodash@2.4.2
38 verbose linkMans lodash@2.4.2
39 verbose rebuildBundles lodash@2.4.2
40 info lifecycle lodash@2.4.2~install: lodash@2.4.2
41 silly lifecycle lodash@2.4.2~install: no script for install, continuing
42 info lifecycle lodash@2.4.2~postinstall: lodash@2.4.2
43 silly lifecycle lodash@2.4.2~postinstall: no script for postinstall, continuing
44 verbose rebuild bundle /Users/hussain/dev/hackathon-party/node_modules/node-sass/node_modules/minimatch
45 info build /Users/hussain/dev/hackathon-party/node_modules/node-sass/node_modules/minimatch
46 info lifecycle minimatch@0.2.14~preinstall: minimatch@0.2.14
47 silly lifecycle minimatch@0.2.14~preinstall: no script for preinstall, continuing
48 info linkStuff minimatch@0.2.14
49 silly linkStuff minimatch@0.2.14 has /Users/hussain/dev/hackathon-party/node_modules/node-sass/node_modules as its parent node_modules
50 verbose linkBins minimatch@0.2.14
51 verbose linkMans minimatch@0.2.14
52 verbose rebuildBundles minimatch@0.2.14
53 info lifecycle minimatch@0.2.14~install: minimatch@0.2.14
54 silly lifecycle minimatch@0.2.14~install: no script for install, continuing
55 info lifecycle minimatch@0.2.14~postinstall: minimatch@0.2.14
56 silly lifecycle minimatch@0.2.14~postinstall: no script for postinstall, continuing
57 verbose rebuild bundle /Users/hussain/dev/hackathon-party/node_modules/node-sass/node_modules/minimist
58 info build /Users/hussain/dev/hackathon-party/node_modules/node-sass/node_modules/minimist
59 info lifecycle minimist@0.0.8~preinstall: minimist@0.0.8
60 silly lifecycle minimist@0.0.8~preinstall: no script for preinstall, continuing
61 info linkStuff minimist@0.0.8
62 silly linkStuff minimist@0.0.8 has /Users/hussain/dev/hackathon-party/node_modules/node-sass/node_modules as its parent node_modules
63 verbose linkBins minimist@0.0.8
64 verbose linkMans minimist@0.0.8
65 verbose rebuildBundles minimist@0.0.8
66 info lifecycle minimist@0.0.8~install: minimist@0.0.8
67 silly lifecycle minimist@0.0.8~install: no script for install, continuing
68 info lifecycle minimist@0.0.8~postinstall: minimist@0.0.8
69 silly lifecycle minimist@0.0.8~postinstall: no script for postinstall, continuing
70 info lifecycle node-sass@3.7.0~install: node-sass@3.7.0
71 verbose lifecycle node-sass@3.7.0~install: unsafe-perm in lifecycle true
72 verbose lifecycle node-sass@3.7.0~install: PATH: /usr/local/lib/node_modules/npm/bin/node-gyp-bin:/Users/hussain/dev/hackathon-party/node_modules/node-sass/node_modules/.bin:/Users/hussain/dev/hackathon-party/node_modules/.bin:/usr/local/Cellar/node/6.3.1/bin:/usr/local/sbin:/usr/local/bin:/usr/bin:/bin:/usr/sbin:/sbin
73 verbose lifecycle node-sass@3.7.0~install: CWD: /Users/hussain/dev/hackathon-party/node_modules/node-sass
74 silly lifecycle node-sass@3.7.0~install: Args: [ '-c', 'node scripts/install.js' ]
75 silly lifecycle node-sass@3.7.0~install: Returned: code: 0  signal: null
76 info lifecycle node-sass@3.7.0~postinstall: node-sass@3.7.0
77 verbose lifecycle node-sass@3.7.0~postinstall: unsafe-perm in lifecycle true
78 verbose lifecycle node-sass@3.7.0~postinstall: PATH: /usr/local/lib/node_modules/npm/bin/node-gyp-bin:/Users/hussain/dev/hackathon-party/node_modules/node-sass/node_modules/.bin:/Users/hussain/dev/hackathon-party/node_modules/.bin:/usr/local/Cellar/node/6.3.1/bin:/usr/local/sbin:/usr/local/bin:/usr/bin:/bin:/usr/sbin:/sbin
79 verbose lifecycle node-sass@3.7.0~postinstall: CWD: /Users/hussain/dev/hackathon-party/node_modules/node-sass
80 silly lifecycle node-sass@3.7.0~postinstall: Args: [ '-c', 'node scripts/build.js' ]
81 silly lifecycle node-sass@3.7.0~postinstall: Returned: code: 1  signal: null
82 info lifecycle node-sass@3.7.0~postinstall: Failed to exec postinstall script
83 verbose stack Error: node-sass@3.7.0 postinstall: `node scripts/build.js`
83 verbose stack Exit status 1
83 verbose stack     at EventEmitter.<anonymous> (/usr/local/lib/node_modules/npm/lib/utils/lifecycle.js:242:16)
83 verbose stack     at emitTwo (events.js:106:13)
83 verbose stack     at EventEmitter.emit (events.js:191:7)
83 verbose stack     at ChildProcess.<anonymous> (/usr/local/lib/node_modules/npm/lib/utils/spawn.js:40:14)
83 verbose stack     at emitTwo (events.js:106:13)
83 verbose stack     at ChildProcess.emit (events.js:191:7)
83 verbose stack     at maybeClose (internal/child_process.js:852:16)
83 verbose stack     at Process.ChildProcess._handle.onexit (internal/child_process.js:215:5)
84 verbose pkgid node-sass@3.7.0
85 verbose cwd /Users/hussain/dev/hackathon-party
86 error Darwin 15.6.0
87 error argv "/usr/local/Cellar/node/6.3.1/bin/node" "/usr/local/bin/npm" "rebuild" "node-sass"
88 error node v6.3.1
89 error npm  v3.10.3
90 error code ELIFECYCLE
91 error node-sass@3.7.0 postinstall: `node scripts/build.js`
91 error Exit status 1
92 error Failed at the node-sass@3.7.0 postinstall script 'node scripts/build.js'.
92 error Make sure you have the latest version of node.js and npm installed.
92 error If you do, this is most likely a problem with the node-sass package,
92 error not with npm itself.
92 error Tell the author that this fails on your system:
92 error     node scripts/build.js
92 error You can get information on how to open an issue for this project with:
92 error     npm bugs node-sass
92 error Or if that isn't available, you can get their info via:
92 error     npm owner ls node-sass
92 error There is likely additional logging output above.
93 verbose exit [ 1, true ]
